<?xml version="1.0" encoding="UTF-8"?>
<testsuite name="JsonDatabaseTest" tests="1" skipped="0" failures="0" errors="0" timestamp="2021-04-22T08:05:35" hostname="Benedikts-MacBook-Pro.local" time="0.604">
  <properties/>
  <testcase name="start" classname="JsonDatabaseTest" time="0.604"/>
  <system-out><![CDATA[?[1;31m
Start test 1?[0m
Server started!
Received: Give me a record # 12
Client started!
Sent: A record # 12 was sent!
Sent: Give me a record # 12
Received: A record # 12 was sent!
]]></system-out>
  <system-err><![CDATA[]]></system-err>
</testsuite>
